<?xml version="1.0" encoding="UTF-8"?>
<testng-results ignored="0" total="3" passed="3" failed="0" skipped="0">
  <reporter-output>
  </reporter-output>
  <suite started-at="2022-01-03T18:13:26 IST" name="Default suite" finished-at="2022-01-03T18:14:13 IST" duration-ms="46611">
    <groups>
      <group name="cucumber">
        <method signature="AbstractTestNGCucumberTests.runScenario(io.cucumber.testng.PickleWrapper, io.cucumber.testng.FeatureWrapper)[pri:0, instance:com.mindtree.runner.TestRunner@2177849e]" name="runScenario" class="io.cucumber.testng.AbstractTestNGCucumberTests"/>
      </group> <!-- cucumber -->
    </groups>
    <test started-at="2022-01-03T18:13:26 IST" name="Default test" finished-at="2022-01-03T18:14:13 IST" duration-ms="46611">
      <class name="com.mindtree.runner.TestRunner">
        <test-method is-config="true" signature="setUpClass(org.testng.ITestContext)[pri:0, instance:com.mindtree.runner.TestRunner@2177849e]" started-at="2022-01-03T18:13:26 IST" name="setUpClass" finished-at="2022-01-03T18:13:28 IST" duration-ms="1621" status="PASS">
          <params>
            <param index="0">
              <value>
                <![CDATA[org.testng.TestRunner@39a87e72]]>
              </value>
            </param>
          </params>
          <reporter-output>
          </reporter-output>
        </test-method> <!-- setUpClass -->
        <test-method signature="runScenario(io.cucumber.testng.PickleWrapper, io.cucumber.testng.FeatureWrapper)[pri:0, instance:com.mindtree.runner.TestRunner@2177849e]" started-at="2022-01-03T18:13:28 IST" name="runScenario" description="Runs Cucumber Scenarios" data-provider="scenarios" finished-at="2022-01-03T18:13:41 IST" duration-ms="12972" status="PASS">
          <params>
            <param index="0">
              <value>
                <![CDATA["Products"]]>
              </value>
            </param>
            <param index="1">
              <value>
                <![CDATA["Optional[Gillete]"]]>
              </value>
            </param>
          </params>
          <reporter-output>
          </reporter-output>
        </test-method> <!-- runScenario -->
        <test-method signature="runScenario(io.cucumber.testng.PickleWrapper, io.cucumber.testng.FeatureWrapper)[pri:0, instance:com.mindtree.runner.TestRunner@2177849e]" started-at="2022-01-03T18:13:41 IST" name="runScenario" description="Runs Cucumber Scenarios" data-provider="scenarios" finished-at="2022-01-03T18:13:54 IST" duration-ms="13231" status="PASS">
          <params>
            <param index="0">
              <value>
                <![CDATA["Search"]]>
              </value>
            </param>
            <param index="1">
              <value>
                <![CDATA["Optional[Gillete]"]]>
              </value>
            </param>
          </params>
          <reporter-output>
          </reporter-output>
        </test-method> <!-- runScenario -->
        <test-method signature="runScenario(io.cucumber.testng.PickleWrapper, io.cucumber.testng.FeatureWrapper)[pri:0, instance:com.mindtree.runner.TestRunner@2177849e]" started-at="2022-01-03T18:13:54 IST" name="runScenario" description="Runs Cucumber Scenarios" data-provider="scenarios" finished-at="2022-01-03T18:14:13 IST" duration-ms="18317" status="PASS">
          <params>
            <param index="0">
              <value>
                <![CDATA["Footer"]]>
              </value>
            </param>
            <param index="1">
              <value>
                <![CDATA["Optional[Gillete]"]]>
              </value>
            </param>
          </params>
          <reporter-output>
          </reporter-output>
        </test-method> <!-- runScenario -->
        <test-method is-config="true" signature="tearDownClass()[pri:0, instance:com.mindtree.runner.TestRunner@2177849e]" started-at="2022-01-03T18:14:13 IST" name="tearDownClass" finished-at="2022-01-03T18:14:13 IST" duration-ms="357" status="PASS">
          <reporter-output>
          </reporter-output>
        </test-method> <!-- tearDownClass -->
      </class> <!-- com.mindtree.runner.TestRunner -->
    </test> <!-- Default test -->
  </suite> <!-- Default suite -->
</testng-results>
